<?xml version="1.0" encoding="UTF-8"?>
<!-- Generated by org.testng.reporters.JUnitReportReporter -->
<testsuite skipped="0" hostname="DESKTOP-25CQDKE" name="qaclickacaedmy.Appiumtest" tests="2" failures="0" timestamp="08 Jul 2019 00:00:22 GMT" time="0.019" errors="0">
  <testcase name="iosAPP" time="0.015" classname="qaclickacaedmy.Appiumtest"/>
  <testcase name="nativeAPPandroid" time="0.004" classname="qaclickacaedmy.Appiumtest"/>
</testsuite> <!-- qaclickacaedmy.Appiumtest -->
