<?xml version="1.0" encoding="UTF-8"?>
<!-- Generated by org.testng.reporters.JUnitReportReporter -->
<testsuite skipped="0" hostname="DESKTOP-25CQDKE" name="qaclickacaedmy.SeleniumTest" tests="2" failures="0" timestamp="08 Jul 2019 00:37:58 GMT" time="21.607" errors="0">
  <testcase name="BrowserAutomation" time="21.606" classname="qaclickacaedmy.SeleniumTest"/>
  <testcase name="elementUI" time="0.001" classname="qaclickacaedmy.SeleniumTest"/>
</testsuite> <!-- qaclickacaedmy.SeleniumTest -->
