<?xml version="1.0" encoding="UTF-8"?>
<!-- Generated by org.testng.reporters.JUnitReportReporter -->
<testsuite skipped="0" hostname="DESKTOP-25CQDKE" name="qaclickacaedmy.AppiumTest" tests="2" failures="0" timestamp="08 Jul 2019 00:30:09 GMT" time="0.001" errors="0">
  <testcase name="iosAPP" time="0.000" classname="qaclickacaedmy.AppiumTest"/>
  <testcase name="nativeAPPandroid" time="0.001" classname="qaclickacaedmy.AppiumTest"/>
</testsuite> <!-- qaclickacaedmy.AppiumTest -->
