<?xml version="1.0" encoding="UTF-8"?>
<!-- Generated by org.testng.reporters.JUnitReportReporter -->
<testsuite skipped="0" hostname="DESKTOP-25CQDKE" name="qaclickacaedmy.RESTAPITest" tests="2" failures="0" timestamp="08 Jul 2019 00:37:58 GMT" time="0.001" errors="0">
  <testcase name="deleteTwitter" time="0.000" classname="qaclickacaedmy.RESTAPITest"/>
  <testcase name="postJira" time="0.001" classname="qaclickacaedmy.RESTAPITest"/>
</testsuite> <!-- qaclickacaedmy.RESTAPITest -->
